<!DOCTYPE html PUBLIC "-//W3C//DTD XHTML 1.1//EN" "http://www.w3.org/TR/xhtml11/DTD/xhtml11.dtd">
<html xmlns="http://www.w3.org/1999/xhtml"><head><title>TestNG Report</title><style type="text/css">table {margin-bottom:10px;border-collapse:collapse;empty-cells:show}th,td {border:1px solid #009;padding:.25em .5em}th {vertical-align:bottom}td {vertical-align:top}table a {font-weight:bold}.stripe td {background-color: #E6EBF9}.num {text-align:right}.passedodd td {background-color: #3F3}.passedeven td {background-color: #0A0}.skippedodd td {background-color: #DDD}.skippedeven td {background-color: #CCC}.failedodd td,.attn {background-color: #F33}.failedeven td,.stripe .attn {background-color: #D00}.stacktrace {white-space:pre;font-family:monospace}.totop {font-size:85%;text-align:center;border-bottom:2px solid #000}</style></head><body><table><tr><th>Test</th><th># Passed</th><th># Skipped</th><th># Failed</th><th>Time (ms)</th><th>Included Groups</th><th>Excluded Groups</th></tr><tr><th colspan="7">Command line suite</th></tr><tr><td><a href="#t0">Command line test</a></td><td class="num">7</td><td class="num attn">3</td><td class="num">0</td><td class="num">758,821</td><td></td><td></td></tr></table><table id='summary'><thead><tr><th>Class</th><th>Method</th><th>Start</th><th>Time (ms)</th></tr></thead><tbody><tr><th colspan="4">Command line suite</th></tr></tbody><tbody id="t0"><tr><th colspan="4">Command line test &#8212; failed (configuration methods)</th></tr><tr class="failedeven"><td rowspan="1">com.flipkart.qa.testcases.PaymentPageTest</td><td><a href="#m0">setUp</a></td><td rowspan="1">1625064015425</td><td rowspan="1">14287</td></tr><tr class="failedodd"><td rowspan="1">com.flipkart.qa.testcases.ProductPageTest</td><td><a href="#m1">setUp</a></td><td rowspan="1">1625064079558</td><td rowspan="1">605327</td></tr><tr><th colspan="4">Command line test &#8212; skipped (configuration methods)</th></tr><tr class="skippedeven"><td rowspan="1">com.flipkart.qa.testcases.ProductPageTest</td><td><a href="#m2">setUp</a></td><td rowspan="1">1625064684893</td><td rowspan="1">0</td></tr><tr><th colspan="4">Command line test &#8212; skipped</th></tr><tr class="skippedeven"><td rowspan="1">com.flipkart.qa.testcases.PaymentPageTest</td><td><a href="#m3">payment</a></td><td rowspan="1">1625064029715</td><td rowspan="1">1</td></tr><tr class="skippedodd"><td rowspan="2">com.flipkart.qa.testcases.ProductPageTest</td><td><a href="#m4">productBuyNow</a></td><td rowspan="1">1625064684895</td><td rowspan="1">0</td></tr><tr class="skippedodd"><td><a href="#m5">verifyProductPrice</a></td><td rowspan="1">1625064684891</td><td rowspan="1">0</td></tr><tr><th colspan="4">Command line test &#8212; passed</th></tr><tr class="passedeven"><td rowspan="3">com.flipkart.qa.testcases.HomePageTest</td><td><a href="#m6">searchProductStep</a></td><td rowspan="1">1625064068248</td><td rowspan="1">10590</td></tr><tr class="passedeven"><td><a href="#m7">veifyUserNameTest</a></td><td rowspan="1">1625064012822</td><td rowspan="1">1944</td></tr><tr class="passedeven"><td><a href="#m8">verifyPageTitleTest</a></td><td rowspan="1">1625063943849</td><td rowspan="1">5091</td></tr><tr class="passedodd"><td rowspan="1">com.flipkart.qa.testcases.LoginPageTest</td><td><a href="#m9">loginTest</a></td><td rowspan="1">1625063934376</td><td rowspan="1">507</td></tr><tr class="passedeven"><td rowspan="1">com.flipkart.qa.testcases.PaymentPageTest</td><td><a href="#m10">verifyPageIconTest</a></td><td rowspan="1">1625063975066</td><td rowspan="1">5079</td></tr><tr class="passedodd"><td rowspan="2">com.flipkart.qa.testcases.ProductPageTest</td><td><a href="#m11">veifyUserNameTest</a></td><td rowspan="1">1625063998889</td><td rowspan="1">5070</td></tr><tr class="passedodd"><td><a href="#m12">verifyProductNameTest</a></td><td rowspan="1">1625064050404</td><td rowspan="1">5066</td></tr></tbody></table><h2>Command line test</h2><h3 id="m0">com.flipkart.qa.testcases.PaymentPageTest#setUp</h3><table class="result"><tr><th>Exception</th></tr><tr><td><div class="stacktrace">org.openqa.selenium.ElementClickInterceptedException: element click intercepted: Element &lt;input type=&quot;text&quot; value=&quot;&quot; class=&quot;_3704LK&quot; title=&quot;Search for products, brands and more&quot; name=&quot;q&quot; autocomplete=&quot;off&quot; placeholder=&quot;Search for products, brands and more&quot;&gt; is not clickable at point (404, 28). Other element would receive the click: &lt;div class=&quot;_2hriZF _2rbIyg&quot; tabindex=&quot;-1&quot;&gt;...&lt;/div&gt;
  (Session info: chrome=91.0.4472.124)
Build info: version: &apos;3.141.59&apos;, revision: &apos;e82be7d358&apos;, time: &apos;2018-11-14T08:17:03&apos;
System info: host: &apos;DESKTOP-AAFC7NS&apos;, ip: &apos;192.168.1.15&apos;, os.name: &apos;Windows 10&apos;, os.arch: &apos;amd64&apos;, os.version: &apos;10.0&apos;, java.version: &apos;1.8.0_291&apos;
Driver info: org.openqa.selenium.chrome.ChromeDriver
Capabilities {acceptInsecureCerts: false, browserName: chrome, browserVersion: 91.0.4472.124, chrome: {chromedriverVersion: 91.0.4472.19 (1bf021f248676..., userDataDir: C:\WINDOWS\TEMP\scoped_dir3...}, goog:chromeOptions: {debuggerAddress: localhost:65422}, javascriptEnabled: true, networkConnectionEnabled: false, pageLoadStrategy: normal, platform: WINDOWS, platformName: WINDOWS, proxy: Proxy(), setWindowRect: true, strictFileInteractability: false, timeouts: {implicit: 0, pageLoad: 300000, script: 30000}, unhandledPromptBehavior: dismiss and notify, webauthn:extension:largeBlob: true, webauthn:virtualAuthenticators: true}
Session ID: 692d950fe42c647bb594f47534cbb7fb
	at org.openqa.selenium.remote.http.W3CHttpResponseCodec.createException(W3CHttpResponseCodec.java:187)
	at org.openqa.selenium.remote.http.W3CHttpResponseCodec.decode(W3CHttpResponseCodec.java:122)
	at org.openqa.selenium.remote.http.W3CHttpResponseCodec.decode(W3CHttpResponseCodec.java:49)
	at org.openqa.selenium.remote.HttpCommandExecutor.execute(HttpCommandExecutor.java:158)
	at org.openqa.selenium.remote.service.DriverCommandExecutor.execute(DriverCommandExecutor.java:83)
	at org.openqa.selenium.remote.RemoteWebDriver.execute(RemoteWebDriver.java:552)
	at org.openqa.selenium.remote.RemoteWebElement.execute(RemoteWebElement.java:285)
	at org.openqa.selenium.remote.RemoteWebElement.click(RemoteWebElement.java:84)
	at org.openqa.selenium.support.pagefactory.internal.LocatingElementHandler.invoke(LocatingElementHandler.java:51)
	at com.sun.proxy.$Proxy7.click(Unknown Source)
	at com.flipkart.qa.pages.HomePage.searchProduct(HomePage.java:45)
	at com.flipkart.qa.testcases.PaymentPageTest.setUp(PaymentPageTest.java:41)
... Removed 45 stack frames</div></td></tr></table><p class="totop"><a href="#summary">back to summary</a></p><h3 id="m1">com.flipkart.qa.testcases.ProductPageTest#setUp</h3><table class="result"><tr><th>Exception</th></tr><tr><td><div class="stacktrace">org.openqa.selenium.SessionNotCreatedException: session not created
from timeout: Timed out receiving message from renderer: 600.000
  (Session info: chrome=91.0.4472.124)
Build info: version: &apos;3.141.59&apos;, revision: &apos;e82be7d358&apos;, time: &apos;2018-11-14T08:17:03&apos;
System info: host: &apos;DESKTOP-AAFC7NS&apos;, ip: &apos;192.168.1.15&apos;, os.name: &apos;Windows 10&apos;, os.arch: &apos;amd64&apos;, os.version: &apos;10.0&apos;, java.version: &apos;1.8.0_291&apos;
Driver info: driver.version: ChromeDriver
remote stacktrace: Backtrace:
	Ordinal0 [0x007D2DB3+2502067]
	Ordinal0 [0x0076C5B1+2082225]
	Ordinal0 [0x00672498+1057944]
	Ordinal0 [0x00664D2F+1002799]
	Ordinal0 [0x00663D69+998761]
	Ordinal0 [0x00664026+999462]
	Ordinal0 [0x00663915+997653]
	Ordinal0 [0x0066A54D+1025357]
	Ordinal0 [0x006638D1+997585]
	Ordinal0 [0x006647F6+1001462]
	Ordinal0 [0x00663D69+998761]
	Ordinal0 [0x00664026+999462]
	Ordinal0 [0x00663915+997653]
	Ordinal0 [0x0066977C+1021820]
	Ordinal0 [0x006638D1+997585]
	Ordinal0 [0x006647F6+1001462]
	Ordinal0 [0x00663D69+998761]
	Ordinal0 [0x00664026+999462]
	Ordinal0 [0x00663915+997653]
	Ordinal0 [0x0065F42D+980013]
	Ordinal0 [0x006638D1+997585]
	Ordinal0 [0x00663670+996976]
	Ordinal0 [0x00663409+996361]
	Ordinal0 [0x006736A0+1062560]
	Ordinal0 [0x006BAA59+1354329]
	Ordinal0 [0x006B967A+1349242]
	Ordinal0 [0x006B5BEB+1334251]
	Ordinal0 [0x00692174+1188212]
	Ordinal0 [0x00693009+1191945]
	GetHandleVerifier [0x0094EC5C+1511084]
	GetHandleVerifier [0x009F8522+2205554]
	GetHandleVerifier [0x00853393+480739]
	GetHandleVerifier [0x00852579+477129]
	Ordinal0 [0x00771E5D+2104925]
	Ordinal0 [0x007763F8+2122744]
	Ordinal0 [0x00776537+2123063]
	Ordinal0 [0x0077EE53+2158163]
	BaseThreadInitThunk [0x76DFFA29+25]
	RtlGetAppContainerNamedObjectPath [0x77907A9E+286]
	RtlGetAppContainerNamedObjectPath [0x77907A6E+238]

	at org.openqa.selenium.remote.W3CHandshakeResponse.lambda$errorHandler$0(W3CHandshakeResponse.java:62)
	at org.openqa.selenium.remote.HandshakeResponse.lambda$getResponseFunction$0(HandshakeResponse.java:30)
	at org.openqa.selenium.remote.ProtocolHandshake.lambda$createSession$0(ProtocolHandshake.java:126)
	at java.util.stream.ReferencePipeline$3$1.accept(ReferencePipeline.java:193)
	at java.util.Spliterators$ArraySpliterator.tryAdvance(Spliterators.java:958)
	at java.util.stream.ReferencePipeline.forEachWithCancel(ReferencePipeline.java:126)
	at java.util.stream.AbstractPipeline.copyIntoWithCancel(AbstractPipeline.java:499)
	at java.util.stream.AbstractPipeline.copyInto(AbstractPipeline.java:486)
	at java.util.stream.AbstractPipeline.wrapAndCopyInto(AbstractPipeline.java:472)
	at java.util.stream.FindOps$FindOp.evaluateSequential(FindOps.java:152)
	at java.util.stream.AbstractPipeline.evaluate(AbstractPipeline.java:234)
	at java.util.stream.ReferencePipeline.findFirst(ReferencePipeline.java:464)
	at org.openqa.selenium.remote.ProtocolHandshake.createSession(ProtocolHandshake.java:128)
	at org.openqa.selenium.remote.ProtocolHandshake.createSession(ProtocolHandshake.java:74)
	at org.openqa.selenium.remote.HttpCommandExecutor.execute(HttpCommandExecutor.java:136)
	at org.openqa.selenium.remote.service.DriverCommandExecutor.execute(DriverCommandExecutor.java:83)
	at org.openqa.selenium.remote.RemoteWebDriver.execute(RemoteWebDriver.java:552)
	at org.openqa.selenium.remote.RemoteWebDriver.startSession(RemoteWebDriver.java:213)
	at org.openqa.selenium.remote.RemoteWebDriver.&lt;init&gt;(RemoteWebDriver.java:131)
	at org.openqa.selenium.chrome.ChromeDriver.&lt;init&gt;(ChromeDriver.java:181)
	at org.openqa.selenium.chrome.ChromeDriver.&lt;init&gt;(ChromeDriver.java:168)
	at org.openqa.selenium.chrome.ChromeDriver.&lt;init&gt;(ChromeDriver.java:123)
	at com.flipkart.qa.base.TestBase.initialization(TestBase.java:39)
	at com.flipkart.qa.testcases.ProductPageTest.setUp(ProductPageTest.java:35)
... Removed 41 stack frames</div></td></tr></table><p class="totop"><a href="#summary">back to summary</a></p><h3 id="m2">com.flipkart.qa.testcases.ProductPageTest#setUp</h3><table class="result"></table><p class="totop"><a href="#summary">back to summary</a></p><h3 id="m3">com.flipkart.qa.testcases.PaymentPageTest#payment</h3><table class="result"><tr><th>Exception</th></tr><tr><td><div class="stacktrace">org.openqa.selenium.ElementClickInterceptedException: element click intercepted: Element &lt;input type=&quot;text&quot; value=&quot;&quot; class=&quot;_3704LK&quot; title=&quot;Search for products, brands and more&quot; name=&quot;q&quot; autocomplete=&quot;off&quot; placeholder=&quot;Search for products, brands and more&quot;&gt; is not clickable at point (404, 28). Other element would receive the click: &lt;div class=&quot;_2hriZF _2rbIyg&quot; tabindex=&quot;-1&quot;&gt;...&lt;/div&gt;
  (Session info: chrome=91.0.4472.124)
Build info: version: &apos;3.141.59&apos;, revision: &apos;e82be7d358&apos;, time: &apos;2018-11-14T08:17:03&apos;
System info: host: &apos;DESKTOP-AAFC7NS&apos;, ip: &apos;192.168.1.15&apos;, os.name: &apos;Windows 10&apos;, os.arch: &apos;amd64&apos;, os.version: &apos;10.0&apos;, java.version: &apos;1.8.0_291&apos;
Driver info: org.openqa.selenium.chrome.ChromeDriver
Capabilities {acceptInsecureCerts: false, browserName: chrome, browserVersion: 91.0.4472.124, chrome: {chromedriverVersion: 91.0.4472.19 (1bf021f248676..., userDataDir: C:\WINDOWS\TEMP\scoped_dir3...}, goog:chromeOptions: {debuggerAddress: localhost:65422}, javascriptEnabled: true, networkConnectionEnabled: false, pageLoadStrategy: normal, platform: WINDOWS, platformName: WINDOWS, proxy: Proxy(), setWindowRect: true, strictFileInteractability: false, timeouts: {implicit: 0, pageLoad: 300000, script: 30000}, unhandledPromptBehavior: dismiss and notify, webauthn:extension:largeBlob: true, webauthn:virtualAuthenticators: true}
Session ID: 692d950fe42c647bb594f47534cbb7fb
	at org.openqa.selenium.remote.http.W3CHttpResponseCodec.createException(W3CHttpResponseCodec.java:187)
	at org.openqa.selenium.remote.http.W3CHttpResponseCodec.decode(W3CHttpResponseCodec.java:122)
	at org.openqa.selenium.remote.http.W3CHttpResponseCodec.decode(W3CHttpResponseCodec.java:49)
	at org.openqa.selenium.remote.HttpCommandExecutor.execute(HttpCommandExecutor.java:158)
	at org.openqa.selenium.remote.service.DriverCommandExecutor.execute(DriverCommandExecutor.java:83)
	at org.openqa.selenium.remote.RemoteWebDriver.execute(RemoteWebDriver.java:552)
	at org.openqa.selenium.remote.RemoteWebElement.execute(RemoteWebElement.java:285)
	at org.openqa.selenium.remote.RemoteWebElement.click(RemoteWebElement.java:84)
	at org.openqa.selenium.support.pagefactory.internal.LocatingElementHandler.invoke(LocatingElementHandler.java:51)
	at com.sun.proxy.$Proxy7.click(Unknown Source)
	at com.flipkart.qa.pages.HomePage.searchProduct(HomePage.java:45)
	at com.flipkart.qa.testcases.PaymentPageTest.setUp(PaymentPageTest.java:41)
... Removed 45 stack frames</div></td></tr></table><p class="totop"><a href="#summary">back to summary</a></p><h3 id="m4">com.flipkart.qa.testcases.ProductPageTest#productBuyNow</h3><table class="result"><tr><th>Exception</th></tr><tr><td><div class="stacktrace">org.openqa.selenium.SessionNotCreatedException: session not created
from timeout: Timed out receiving message from renderer: 600.000
  (Session info: chrome=91.0.4472.124)
Build info: version: &apos;3.141.59&apos;, revision: &apos;e82be7d358&apos;, time: &apos;2018-11-14T08:17:03&apos;
System info: host: &apos;DESKTOP-AAFC7NS&apos;, ip: &apos;192.168.1.15&apos;, os.name: &apos;Windows 10&apos;, os.arch: &apos;amd64&apos;, os.version: &apos;10.0&apos;, java.version: &apos;1.8.0_291&apos;
Driver info: driver.version: ChromeDriver
remote stacktrace: Backtrace:
	Ordinal0 [0x007D2DB3+2502067]
	Ordinal0 [0x0076C5B1+2082225]
	Ordinal0 [0x00672498+1057944]
	Ordinal0 [0x00664D2F+1002799]
	Ordinal0 [0x00663D69+998761]
	Ordinal0 [0x00664026+999462]
	Ordinal0 [0x00663915+997653]
	Ordinal0 [0x0066A54D+1025357]
	Ordinal0 [0x006638D1+997585]
	Ordinal0 [0x006647F6+1001462]
	Ordinal0 [0x00663D69+998761]
	Ordinal0 [0x00664026+999462]
	Ordinal0 [0x00663915+997653]
	Ordinal0 [0x0066977C+1021820]
	Ordinal0 [0x006638D1+997585]
	Ordinal0 [0x006647F6+1001462]
	Ordinal0 [0x00663D69+998761]
	Ordinal0 [0x00664026+999462]
	Ordinal0 [0x00663915+997653]
	Ordinal0 [0x0065F42D+980013]
	Ordinal0 [0x006638D1+997585]
	Ordinal0 [0x00663670+996976]
	Ordinal0 [0x00663409+996361]
	Ordinal0 [0x006736A0+1062560]
	Ordinal0 [0x006BAA59+1354329]
	Ordinal0 [0x006B967A+1349242]
	Ordinal0 [0x006B5BEB+1334251]
	Ordinal0 [0x00692174+1188212]
	Ordinal0 [0x00693009+1191945]
	GetHandleVerifier [0x0094EC5C+1511084]
	GetHandleVerifier [0x009F8522+2205554]
	GetHandleVerifier [0x00853393+480739]
	GetHandleVerifier [0x00852579+477129]
	Ordinal0 [0x00771E5D+2104925]
	Ordinal0 [0x007763F8+2122744]
	Ordinal0 [0x00776537+2123063]
	Ordinal0 [0x0077EE53+2158163]
	BaseThreadInitThunk [0x76DFFA29+25]
	RtlGetAppContainerNamedObjectPath [0x77907A9E+286]
	RtlGetAppContainerNamedObjectPath [0x77907A6E+238]

	at org.openqa.selenium.remote.W3CHandshakeResponse.lambda$errorHandler$0(W3CHandshakeResponse.java:62)
	at org.openqa.selenium.remote.HandshakeResponse.lambda$getResponseFunction$0(HandshakeResponse.java:30)
	at org.openqa.selenium.remote.ProtocolHandshake.lambda$createSession$0(ProtocolHandshake.java:126)
	at java.util.stream.ReferencePipeline$3$1.accept(ReferencePipeline.java:193)
	at java.util.Spliterators$ArraySpliterator.tryAdvance(Spliterators.java:958)
	at java.util.stream.ReferencePipeline.forEachWithCancel(ReferencePipeline.java:126)
	at java.util.stream.AbstractPipeline.copyIntoWithCancel(AbstractPipeline.java:499)
	at java.util.stream.AbstractPipeline.copyInto(AbstractPipeline.java:486)
	at java.util.stream.AbstractPipeline.wrapAndCopyInto(AbstractPipeline.java:472)
	at java.util.stream.FindOps$FindOp.evaluateSequential(FindOps.java:152)
	at java.util.stream.AbstractPipeline.evaluate(AbstractPipeline.java:234)
	at java.util.stream.ReferencePipeline.findFirst(ReferencePipeline.java:464)
	at org.openqa.selenium.remote.ProtocolHandshake.createSession(ProtocolHandshake.java:128)
	at org.openqa.selenium.remote.ProtocolHandshake.createSession(ProtocolHandshake.java:74)
	at org.openqa.selenium.remote.HttpCommandExecutor.execute(HttpCommandExecutor.java:136)
	at org.openqa.selenium.remote.service.DriverCommandExecutor.execute(DriverCommandExecutor.java:83)
	at org.openqa.selenium.remote.RemoteWebDriver.execute(RemoteWebDriver.java:552)
	at org.openqa.selenium.remote.RemoteWebDriver.startSession(RemoteWebDriver.java:213)
	at org.openqa.selenium.remote.RemoteWebDriver.&lt;init&gt;(RemoteWebDriver.java:131)
	at org.openqa.selenium.chrome.ChromeDriver.&lt;init&gt;(ChromeDriver.java:181)
	at org.openqa.selenium.chrome.ChromeDriver.&lt;init&gt;(ChromeDriver.java:168)
	at org.openqa.selenium.chrome.ChromeDriver.&lt;init&gt;(ChromeDriver.java:123)
	at com.flipkart.qa.base.TestBase.initialization(TestBase.java:39)
	at com.flipkart.qa.testcases.ProductPageTest.setUp(ProductPageTest.java:35)
... Removed 41 stack frames</div></td></tr></table><p class="totop"><a href="#summary">back to summary</a></p><h3 id="m5">com.flipkart.qa.testcases.ProductPageTest#verifyProductPrice</h3><table class="result"><tr><th>Exception</th></tr><tr><td><div class="stacktrace">org.openqa.selenium.SessionNotCreatedException: session not created
from timeout: Timed out receiving message from renderer: 600.000
  (Session info: chrome=91.0.4472.124)
Build info: version: &apos;3.141.59&apos;, revision: &apos;e82be7d358&apos;, time: &apos;2018-11-14T08:17:03&apos;
System info: host: &apos;DESKTOP-AAFC7NS&apos;, ip: &apos;192.168.1.15&apos;, os.name: &apos;Windows 10&apos;, os.arch: &apos;amd64&apos;, os.version: &apos;10.0&apos;, java.version: &apos;1.8.0_291&apos;
Driver info: driver.version: ChromeDriver
remote stacktrace: Backtrace:
	Ordinal0 [0x007D2DB3+2502067]
	Ordinal0 [0x0076C5B1+2082225]
	Ordinal0 [0x00672498+1057944]
	Ordinal0 [0x00664D2F+1002799]
	Ordinal0 [0x00663D69+998761]
	Ordinal0 [0x00664026+999462]
	Ordinal0 [0x00663915+997653]
	Ordinal0 [0x0066A54D+1025357]
	Ordinal0 [0x006638D1+997585]
	Ordinal0 [0x006647F6+1001462]
	Ordinal0 [0x00663D69+998761]
	Ordinal0 [0x00664026+999462]
	Ordinal0 [0x00663915+997653]
	Ordinal0 [0x0066977C+1021820]
	Ordinal0 [0x006638D1+997585]
	Ordinal0 [0x006647F6+1001462]
	Ordinal0 [0x00663D69+998761]
	Ordinal0 [0x00664026+999462]
	Ordinal0 [0x00663915+997653]
	Ordinal0 [0x0065F42D+980013]
	Ordinal0 [0x006638D1+997585]
	Ordinal0 [0x00663670+996976]
	Ordinal0 [0x00663409+996361]
	Ordinal0 [0x006736A0+1062560]
	Ordinal0 [0x006BAA59+1354329]
	Ordinal0 [0x006B967A+1349242]
	Ordinal0 [0x006B5BEB+1334251]
	Ordinal0 [0x00692174+1188212]
	Ordinal0 [0x00693009+1191945]
	GetHandleVerifier [0x0094EC5C+1511084]
	GetHandleVerifier [0x009F8522+2205554]
	GetHandleVerifier [0x00853393+480739]
	GetHandleVerifier [0x00852579+477129]
	Ordinal0 [0x00771E5D+2104925]
	Ordinal0 [0x007763F8+2122744]
	Ordinal0 [0x00776537+2123063]
	Ordinal0 [0x0077EE53+2158163]
	BaseThreadInitThunk [0x76DFFA29+25]
	RtlGetAppContainerNamedObjectPath [0x77907A9E+286]
	RtlGetAppContainerNamedObjectPath [0x77907A6E+238]

	at org.openqa.selenium.remote.W3CHandshakeResponse.lambda$errorHandler$0(W3CHandshakeResponse.java:62)
	at org.openqa.selenium.remote.HandshakeResponse.lambda$getResponseFunction$0(HandshakeResponse.java:30)
	at org.openqa.selenium.remote.ProtocolHandshake.lambda$createSession$0(ProtocolHandshake.java:126)
	at java.util.stream.ReferencePipeline$3$1.accept(ReferencePipeline.java:193)
	at java.util.Spliterators$ArraySpliterator.tryAdvance(Spliterators.java:958)
	at java.util.stream.ReferencePipeline.forEachWithCancel(ReferencePipeline.java:126)
	at java.util.stream.AbstractPipeline.copyIntoWithCancel(AbstractPipeline.java:499)
	at java.util.stream.AbstractPipeline.copyInto(AbstractPipeline.java:486)
	at java.util.stream.AbstractPipeline.wrapAndCopyInto(AbstractPipeline.java:472)
	at java.util.stream.FindOps$FindOp.evaluateSequential(FindOps.java:152)
	at java.util.stream.AbstractPipeline.evaluate(AbstractPipeline.java:234)
	at java.util.stream.ReferencePipeline.findFirst(ReferencePipeline.java:464)
	at org.openqa.selenium.remote.ProtocolHandshake.createSession(ProtocolHandshake.java:128)
	at org.openqa.selenium.remote.ProtocolHandshake.createSession(ProtocolHandshake.java:74)
	at org.openqa.selenium.remote.HttpCommandExecutor.execute(HttpCommandExecutor.java:136)
	at org.openqa.selenium.remote.service.DriverCommandExecutor.execute(DriverCommandExecutor.java:83)
	at org.openqa.selenium.remote.RemoteWebDriver.execute(RemoteWebDriver.java:552)
	at org.openqa.selenium.remote.RemoteWebDriver.startSession(RemoteWebDriver.java:213)
	at org.openqa.selenium.remote.RemoteWebDriver.&lt;init&gt;(RemoteWebDriver.java:131)
	at org.openqa.selenium.chrome.ChromeDriver.&lt;init&gt;(ChromeDriver.java:181)
	at org.openqa.selenium.chrome.ChromeDriver.&lt;init&gt;(ChromeDriver.java:168)
	at org.openqa.selenium.chrome.ChromeDriver.&lt;init&gt;(ChromeDriver.java:123)
	at com.flipkart.qa.base.TestBase.initialization(TestBase.java:39)
	at com.flipkart.qa.testcases.ProductPageTest.setUp(ProductPageTest.java:35)
... Removed 41 stack frames</div></td></tr></table><p class="totop"><a href="#summary">back to summary</a></p><h3 id="m6">com.flipkart.qa.testcases.HomePageTest#searchProductStep</h3><table class="result"></table><p class="totop"><a href="#summary">back to summary</a></p><h3 id="m7">com.flipkart.qa.testcases.HomePageTest#veifyUserNameTest</h3><table class="result"></table><p class="totop"><a href="#summary">back to summary</a></p><h3 id="m8">com.flipkart.qa.testcases.HomePageTest#verifyPageTitleTest</h3><table class="result"></table><p class="totop"><a href="#summary">back to summary</a></p><h3 id="m9">com.flipkart.qa.testcases.LoginPageTest#loginTest</h3><table class="result"></table><p class="totop"><a href="#summary">back to summary</a></p><h3 id="m10">com.flipkart.qa.testcases.PaymentPageTest#verifyPageIconTest</h3><table class="result"></table><p class="totop"><a href="#summary">back to summary</a></p><h3 id="m11">com.flipkart.qa.testcases.ProductPageTest#veifyUserNameTest</h3><table class="result"></table><p class="totop"><a href="#summary">back to summary</a></p><h3 id="m12">com.flipkart.qa.testcases.ProductPageTest#verifyProductNameTest</h3><table class="result"></table><p class="totop"><a href="#summary">back to summary</a></p></body></html>